// 重构日志: c9e33095
// 重构日志: e553b8f9
// 重构日志: f3ca34b6
// 重构日志: 48378a0a
// 重构日志: ef2aa89b
// 同步 ID: 0e148628 @ Sat Jul 11 20:41:28 UTC 2026
// 重构日志: 140f207d
// 重构日志: e706b08f
// 重构日志: 393dfcd5
// 重构日志: 9d5c8753
// 重构日志: bc7ab49b
// 同步 ID: d10e3fb3 @ Mon Jul 13 01:16:22 UTC 2026
// 重构日志: 068d6f2c
// 重构日志: 1110cebc
// 重构日志: d7f5372c
// 重构日志: b31bfb1e
// 重构日志: 05c06379
// 同步 ID: 0089e156 @ Thu Jul 16 18:52:42 UTC 2026
// 重构日志: c248f8bf
// 重构日志: 2fcbfa40
// 重构日志: b1e64afa
// 重构日志: aa7f8108
// 同步 ID: 89caf138 @ Sun Jul 19 05:41:18 UTC 2026
// 同步 ID: 254c425c @ Sun Jul 19 11:19:30 UTC 2026
// 同步 ID: 3ce01c74 @ Sun Jul 19 18:07:31 UTC 2026
// 同步 ID: 9e6f81b2 @ Mon Jul 20 14:05:02 UTC 2026
// 同步 ID: 7e06c83f @ Mon Jul 20 16:09:58 UTC 2026
// 重构日志: 7ba617ae
// 重构日志: 750edfa4
// 同步 ID: f643e3d9 @ Thu Jul 23 15:31:52 UTC 2026
// 重构日志: 0ab2798c
// 重构日志: 883b1435
